BENCHING: Overwrites
120-6-21	12:18:24

GenomeLite: 
Size	500000
Mutations	5000

~~~~~~~~~~~~~~~~~~~~~~~~~~~~~~~~~~~~~~~~~~~~~~~~~~~~~~~~~~~~~~~~~~~~~~~~~~~~~~~
simpleBench is a Catch v2.12.4 host application.
Run with -? for options

-------------------------------------------------------------------------------
Overwrite Benchmarks
-------------------------------------------------------------------------------
/home/victoria/WAVES/newgenome/code/Bench/SimpleBench.cpp:32
...............................................................................

benchmark name                       samples       iterations    estimated
                                     mean          low mean      high mean
                                     std dev       low std dev   high std dev
-------------------------------------------------------------------------------
Random Overwrites                              100             1    629.108 ms 
                                        7.11856 ms    7.01728 ms    7.22675 ms 
                                        534.771 us     477.15 us    608.581 us 
                                                                               
Whole Genome Overwrite                         100             1    420.523 ms 
                                        3.87651 ms    3.87474 ms    3.87793 ms 
                                        7.99107 us    6.03585 us    12.4871 us 
                                                                               

BENCHING: Insertion
120-6-21	12:18:35

GenomeLite: 
Size	500000
Mutations	5000
-------------------------------------------------------------------------------
Insertion Benchmarks
-------------------------------------------------------------------------------
/home/victoria/WAVES/newgenome/code/Bench/SimpleBench.cpp:70
...............................................................................

benchmark name                       samples       iterations    estimated
                                     mean          low mean      high mean
                                     std dev       low std dev   high std dev
-------------------------------------------------------------------------------
Random Insertion                               100             1     8.00576 s 
                                        84.0746 ms    83.4671 ms    84.7254 ms 
                                        3.19633 ms     2.8378 ms     4.0324 ms 
                                                                               

BENCHING: Deletion
120-6-21	12:18:47

GenomeLite: 
Size	500000
Mutations	5000
-------------------------------------------------------------------------------
Deletion Benchmarks
-------------------------------------------------------------------------------
/home/victoria/WAVES/newgenome/code/Bench/SimpleBench.cpp:100
...............................................................................

benchmark name                       samples       iterations    estimated
                                     mean          low mean      high mean
                                     std dev       low std dev   high std dev
-------------------------------------------------------------------------------
Random Deletion                                100             1     2.11341 s 
                                        21.8414 ms    21.6355 ms    22.0716 ms 
                                        1.10987 ms    952.184 us    1.32891 ms 
                                                                               

===============================================================================
test cases: 3 | 3 passed
assertions: - none -

BENCHING: Overwrites
120-6-21	13:36:42

GenomeLite: 
Size	500000
Mutations	5000

~~~~~~~~~~~~~~~~~~~~~~~~~~~~~~~~~~~~~~~~~~~~~~~~~~~~~~~~~~~~~~~~~~~~~~~~~~~~~~~
simpleBench is a Catch v2.12.4 host application.
Run with -? for options

-------------------------------------------------------------------------------
Overwrite Benchmarks
-------------------------------------------------------------------------------
/home/victoria/WAVES/newgenome/code/Bench/SimpleBench.cpp:32
...............................................................................

benchmark name                       samples       iterations    estimated
                                     mean          low mean      high mean
                                     std dev       low std dev   high std dev
-------------------------------------------------------------------------------
Random Overwrites                              100             1    324.485 ms 
                                        3.21052 ms     3.2024 ms    3.21953 ms 
                                        43.3182 us     38.003 us    51.2826 us 
                                                                               
Whole Genome Overwrite                         100             1    247.628 ms 
                                        2.38255 ms    2.35931 ms    2.41058 ms 
                                        130.043 us    109.113 us    161.941 us 
                                                                               

BENCHING: Insertion
120-6-21	13:36:49

GenomeLite: 
Size	500000
Mutations	5000
-------------------------------------------------------------------------------
Insertion Benchmarks
-------------------------------------------------------------------------------
/home/victoria/WAVES/newgenome/code/Bench/SimpleBench.cpp:70
...............................................................................

benchmark name                       samples       iterations    estimated
                                     mean          low mean      high mean
                                     std dev       low std dev   high std dev
-------------------------------------------------------------------------------
Random Insertion                               100             1     4.90679 s 
                                        46.7218 ms    46.1392 ms    47.3398 ms 
                                         3.0503 ms    2.85663 ms    3.25759 ms 
                                                                               

BENCHING: Deletion
120-6-21	13:36:56

GenomeLite: 
Size	500000
Mutations	5000
-------------------------------------------------------------------------------
Deletion Benchmarks
-------------------------------------------------------------------------------
/home/victoria/WAVES/newgenome/code/Bench/SimpleBench.cpp:100
...............................................................................

benchmark name                       samples       iterations    estimated
                                     mean          low mean      high mean
                                     std dev       low std dev   high std dev
-------------------------------------------------------------------------------
Random Deletion                                100             1      1.2691 s 
                                         15.786 ms    15.5022 ms    16.0719 ms 
                                        1.45624 ms    1.33467 ms    1.62107 ms 
                                                                               

===============================================================================
test cases: 3 | 3 passed
assertions: - none -

