BENCHING: Overwrites
120-6-21	12:20:1

UmaGenome: 
Size	500000
Mutations	5000

~~~~~~~~~~~~~~~~~~~~~~~~~~~~~~~~~~~~~~~~~~~~~~~~~~~~~~~~~~~~~~~~~~~~~~~~~~~~~~~
simpleBench is a Catch v2.12.4 host application.
Run with -? for options

-------------------------------------------------------------------------------
Overwrite Benchmarks
-------------------------------------------------------------------------------
/home/victoria/WAVES/newgenome/code/Bench/SimpleBench.cpp:32
...............................................................................

benchmark name                       samples       iterations    estimated
                                     mean          low mean      high mean
                                     std dev       low std dev   high std dev
-------------------------------------------------------------------------------
Random Overwrites                              100             1    932.946 ms 
                                        10.1886 ms    10.0907 ms    10.2924 ms 
                                        513.049 us    443.294 us    609.534 us 
                                                                               
Whole Genome Overwrite                         100             1     2.01643 m 
                                         1.15886 s     1.15297 s     1.16535 s 
                                        31.4794 ms     28.108 ms    35.8311 ms 
                                                                               

BENCHING: Insertion
120-6-21	12:22:8

UmaGenome: 
Size	500000
Mutations	5000
-------------------------------------------------------------------------------
Insertion Benchmarks
-------------------------------------------------------------------------------
/home/victoria/WAVES/newgenome/code/Bench/SimpleBench.cpp:70
...............................................................................

benchmark name                       samples       iterations    estimated
                                     mean          low mean      high mean
                                     std dev       low std dev   high std dev
-------------------------------------------------------------------------------
Random Insertion                               100             1     30.6654 m 
                                         16.1901 s     15.5864 s     16.7293 s 
                                         2.90024 s       2.679 s     3.08105 s 
                                                                               

BENCHING: Deletion
120-6-21	12:50:50

UmaGenome: 
Size	500000
Mutations	5000
-------------------------------------------------------------------------------
Deletion Benchmarks
-------------------------------------------------------------------------------
/home/victoria/WAVES/newgenome/code/Bench/SimpleBench.cpp:100
...............................................................................

benchmark name                       samples       iterations    estimated
                                     mean          low mean      high mean
                                     std dev       low std dev   high std dev
-------------------------------------------------------------------------------
Random Deletion                                100             1     16.2465 m 
                                         7.30581 s     7.22201 s     7.39318 s 
                                        436.293 ms    386.724 ms    508.445 ms 
                                                                               

===============================================================================
test cases: 3 | 3 passed
assertions: - none -

